;;; 
Export: Release 11.2.0.1.0 - Production on Mon Feb 8 16:25:33 2021

Copyright (c) 1982, 2009, Oracle and/or its affiliates.  All rights reserved.
;;; 
Connected to: Oracle Database 11g Enterprise Edition Release 11.2.0.1.0 - Production
With the Partitioning, Oracle Label Security, OLAP, Data Mining,
Oracle Database Vault and Real Application Testing options
Starting "MAILLOG"."SYS_EXPORT_SCHEMA_01":  maillog/********@maillog directory=data_pump_dir dumpfile=MAILLOG.DMP logfile=MAILLOG.log 
Estimate in progress using BLOCKS method...
Processing object type SCHEMA_EXPORT/TABLE/TABLE_DATA
Total estimation using BLOCKS method: 512 KB
Processing object type SCHEMA_EXPORT/USER
Processing object type SCHEMA_EXPORT/SYSTEM_GRANT
Processing object type SCHEMA_EXPORT/ROLE_GRANT
Processing object type SCHEMA_EXPORT/DEFAULT_ROLE
Processing object type SCHEMA_EXPORT/PRE_SCHEMA/PROCACT_SCHEMA
Processing object type SCHEMA_EXPORT/TABLE/TABLE
Processing object type SCHEMA_EXPORT/TABLE/INDEX/INDEX
Processing object type SCHEMA_EXPORT/TABLE/CONSTRAINT/CONSTRAINT
Processing object type SCHEMA_EXPORT/TABLE/INDEX/STATISTICS/INDEX_STATISTICS
Processing object type SCHEMA_EXPORT/TABLE/COMMENT
Processing object type SCHEMA_EXPORT/TABLE/STATISTICS/TABLE_STATISTICS
. . exported "MAILLOG"."CFMAST"                          407.3 KB    6073 rows
Master table "MAILLOG"."SYS_EXPORT_SCHEMA_01" successfully loaded/unloaded
******************************************************************************
Dump file set for MAILLOG.SYS_EXPORT_SCHEMA_01 is:
  E:\ORACLE\ADMIN\TVSC\DPDUMP\MAILLOG.DMP
Job "MAILLOG"."SYS_EXPORT_SCHEMA_01" successfully completed at 16:26:39
